2023-09-25 13:12:20,463 [Worker-4: Loading available Gradle versions] INFO  o.e.b.c.i.u.g.PublishedGradleVersions - Gradle version information cache is out-of-date. Trying to update.
2023-09-25 14:12:38,937 [Worker-1: Loading available Gradle versions] INFO  o.e.b.c.i.u.g.PublishedGradleVersions - Gradle version information cache is up-to-date. Trying to read.
2023-09-25 14:42:06,300 [Worker-0: Loading available Gradle versions] INFO  o.e.b.c.i.u.g.PublishedGradleVersions - Gradle version information cache is up-to-date. Trying to read.
2023-09-25 14:48:07,383 [Worker-4: Retrieving catalog resource] INFO  o.a.h.c.h.i.c.HttpRequestRetryExec - Recoverable I/O exception (org.apache.hc.core5.http.NoHttpResponseException) caught when processing request to {s}->https://marketplace.eclipse.org:443
2023-09-25 16:28:33,302 [Worker-0: Loading available Gradle versions] INFO  o.e.b.c.i.u.g.PublishedGradleVersions - Gradle version information cache is up-to-date. Trying to read.
2023-09-25 16:39:42,590 [ModalContext] INFO  o.a.h.c.h.i.c.HttpRequestRetryExec - Recoverable I/O exception (org.apache.hc.core5.http.NoHttpResponseException) caught when processing request to {s}->https://marketplace.eclipse.org:443
2023-09-25 16:39:55,896 [Worker-7: Retrieving catalog resource] INFO  o.a.h.c.h.i.c.HttpRequestRetryExec - Recoverable I/O exception (org.apache.hc.core5.http.NoHttpResponseException) caught when processing request to {s}->https://marketplace.eclipse.org:443
2023-09-25 16:39:59,344 [Worker-20: Retrieving catalog resource] INFO  o.a.h.c.h.i.c.HttpRequestRetryExec - Recoverable I/O exception (org.apache.hc.core5.http.NoHttpResponseException) caught when processing request to {s}->https://marketplace.eclipse.org:443
2023-09-25 16:40:04,765 [Worker-24: Retrieving catalog resource] INFO  o.a.h.c.h.i.c.HttpRequestRetryExec - Recoverable I/O exception (org.apache.hc.core5.http.NoHttpResponseException) caught when processing request to {s}->https://marketplace.eclipse.org:443
2023-09-25 16:49:41,831 [Worker-0: Loading available Gradle versions] INFO  o.e.b.c.i.u.g.PublishedGradleVersions - Gradle version information cache is up-to-date. Trying to read.
2023-09-25 17:49:48,435 [Worker-0: Loading available Gradle versions] INFO  o.e.b.c.i.u.g.PublishedGradleVersions - Gradle version information cache is up-to-date. Trying to read.
2023-09-25 18:19:44,280 [Worker-1: Loading available Gradle versions] INFO  o.e.b.c.i.u.g.PublishedGradleVersions - Gradle version information cache is up-to-date. Trying to read.
2023-09-25 18:21:10,320 [Worker-12: Deferred Early Start] INFO  o.a.h.c.h.i.c.HttpRequestRetryExec - Recoverable I/O exception (org.apache.hc.core5.http.NoHttpResponseException) caught when processing request to {s}->https://www.eclipse.org:443
2023-09-25 20:40:37,878 [Worker-0: Loading available Gradle versions] INFO  o.e.b.c.i.u.g.PublishedGradleVersions - Gradle version information cache is up-to-date. Trying to read.
2023-09-25 20:47:33,797 [Start Help Server] INFO  org.eclipse.jetty.server.Server - jetty-10.0.15; built: 2023-04-11T17:25:14.480Z; git: 68017dbd00236bb7e187330d7585a059610f661d; jvm 17.0.8.1+1
2023-09-25 20:47:33,903 [Start Help Server] INFO  o.e.j.s.s.DefaultSessionIdManager - Session workerName=node0
2023-09-25 20:47:34,037 [Start Help Server] INFO  o.e.j.server.handler.ContextHandler - Started o.e.j.s.ServletContextHandler@54482115{/help,null,AVAILABLE}
2023-09-25 20:47:34,118 [Start Help Server] INFO  o.e.jetty.server.AbstractConnector - Started ServerConnector@2b994728{HTTP/1.1, (http/1.1)}{127.0.0.1:49892}
2023-09-25 20:47:34,141 [Start Help Server] INFO  org.eclipse.jetty.server.Server - Started Server@1de891bc{STARTING}[10.0.15,sto=0] @626113ms
2023-09-25 21:11:29,335 [Stop Help Server] INFO  org.eclipse.jetty.server.Server - Stopped Server@1de891bc{STOPPING}[10.0.15,sto=0]
2023-09-25 21:11:29,344 [Stop Help Server] INFO  o.e.jetty.server.AbstractConnector - Stopped ServerConnector@2b994728{HTTP/1.1, (http/1.1)}{127.0.0.1:0}
2023-09-25 21:11:29,373 [Stop Help Server] INFO  o.e.j.server.handler.ContextHandler - Stopped o.e.j.s.ServletContextHandler@54482115{/help,null,STOPPED}
2023-09-26 07:05:06,200 [Worker-0: Loading available Gradle versions] INFO  o.e.b.c.i.u.g.PublishedGradleVersions - Gradle version information cache is up-to-date. Trying to read.
2023-09-26 11:50:53,443 [Worker-0: Loading available Gradle versions] INFO  o.e.b.c.i.u.g.PublishedGradleVersions - Gradle version information cache is up-to-date. Trying to read.
2023-09-27 07:55:22,607 [Worker-1: Loading available Gradle versions] INFO  o.e.b.c.i.u.g.PublishedGradleVersions - Gradle version information cache is out-of-date. Trying to update.
2023-09-27 14:40:27,347 [Worker-2: Loading available Gradle versions] INFO  o.e.b.c.i.u.g.PublishedGradleVersions - Gradle version information cache is up-to-date. Trying to read.
2023-09-27 18:52:55,313 [Worker-0: Loading available Gradle versions] INFO  o.e.b.c.i.u.g.PublishedGradleVersions - Gradle version information cache is up-to-date. Trying to read.
2023-09-27 22:59:58,374 [Worker-1: Loading available Gradle versions] INFO  o.e.b.c.i.u.g.PublishedGradleVersions - Gradle version information cache is up-to-date. Trying to read.
2023-09-28 11:59:44,064 [Worker-0: Loading available Gradle versions] INFO  o.e.b.c.i.u.g.PublishedGradleVersions - Gradle version information cache is out-of-date. Trying to update.
2023-09-28 12:25:48,023 [Worker-0: Loading available Gradle versions] INFO  o.e.b.c.i.u.g.PublishedGradleVersions - Gradle version information cache is up-to-date. Trying to read.
2023-09-29 08:03:10,100 [Worker-2: Loading available Gradle versions] INFO  o.e.b.c.i.u.g.PublishedGradleVersions - Gradle version information cache is up-to-date. Trying to read.
2023-09-29 10:40:55,072 [Worker-11: Loading available Gradle versions] INFO  o.e.b.c.i.u.g.PublishedGradleVersions - Gradle version information cache is up-to-date. Trying to read.
2023-09-29 11:28:49,764 [Worker-1: Loading available Gradle versions] INFO  o.e.b.c.i.u.g.PublishedGradleVersions - Gradle version information cache is up-to-date. Trying to read.
2023-09-30 11:21:38,011 [Worker-2: Loading available Gradle versions] INFO  o.e.b.c.i.u.g.PublishedGradleVersions - Gradle version information cache is out-of-date. Trying to update.
2023-09-30 15:36:49,840 [Worker-1: Loading available Gradle versions] INFO  o.e.b.c.i.u.g.PublishedGradleVersions - Gradle version information cache is up-to-date. Trying to read.
2023-09-30 18:40:53,496 [Worker-20: https://download.jboss.org/jbosstools/targetplatforms/jbtcentraltarget/4.28.0.AM1-SNAPSHOT/REPO/content.jar] INFO  o.a.h.c.h.i.c.HttpRequestRetryExec - Recoverable I/O exception (org.apache.hc.core5.http.NoHttpResponseException) caught when processing request to {s}->https://download.jboss.org:443
2023-09-30 18:41:25,584 [Worker-15: https://download.eclipse.org/jetty/updates/jetty-wtp/compositeContent.xml] INFO  o.a.h.c.h.i.c.HttpRequestRetryExec - Recoverable I/O exception (java.net.SocketException) caught when processing request to {s}->https://archive.eclipse.org:443
2023-09-30 18:41:39,474 [Worker-1: https://downloads.sourceforge.net/project/sapnweclipse/updates/features/com.sap.netweaver.porta.ide.eclipse.feature_0.6.2.201004151946.jar] INFO  o.a.h.c.h.i.c.HttpRequestRetryExec - Recoverable I/O exception (java.net.SocketException) caught when processing request to {s}->https://downloads.sourceforge.net:443
2023-09-30 19:18:43,461 [Worker-6: Loading available Gradle versions] INFO  o.e.b.c.i.u.g.PublishedGradleVersions - Gradle version information cache is up-to-date. Trying to read.
2023-09-30 19:36:53,260 [Start Help Server] INFO  org.eclipse.jetty.server.Server - jetty-10.0.15; built: 2023-04-11T17:25:14.480Z; git: 68017dbd00236bb7e187330d7585a059610f661d; jvm 17.0.8.1+1
2023-09-30 19:36:53,353 [Start Help Server] INFO  o.e.j.s.s.DefaultSessionIdManager - Session workerName=node0
2023-09-30 19:36:53,459 [Start Help Server] INFO  o.e.j.server.handler.ContextHandler - Started o.e.j.s.ServletContextHandler@63146487{/help,null,AVAILABLE}
2023-09-30 19:36:53,529 [Start Help Server] INFO  o.e.jetty.server.AbstractConnector - Started ServerConnector@e919faa{HTTP/1.1, (http/1.1)}{127.0.0.1:50089}
2023-09-30 19:36:53,553 [Start Help Server] INFO  org.eclipse.jetty.server.Server - Started Server@2ca85b5d{STARTING}[10.0.15,sto=0] @1431108ms
2023-09-30 20:27:35,644 [Stop Help Server] INFO  org.eclipse.jetty.server.Server - Stopped Server@2ca85b5d{STOPPING}[10.0.15,sto=0]
2023-09-30 20:27:35,682 [Stop Help Server] INFO  o.e.jetty.server.AbstractConnector - Stopped ServerConnector@e919faa{HTTP/1.1, (http/1.1)}{127.0.0.1:0}
2023-09-30 20:27:35,740 [Stop Help Server] INFO  o.e.j.server.handler.ContextHandler - Stopped o.e.j.s.ServletContextHandler@63146487{/help,null,STOPPED}
2023-09-30 20:29:03,169 [Worker-2: Loading available Gradle versions] INFO  o.e.b.c.i.u.g.PublishedGradleVersions - Gradle version information cache is up-to-date. Trying to read.
2023-09-30 20:29:54,876 [Start Help Server] INFO  org.eclipse.jetty.server.Server - jetty-10.0.15; built: 2023-04-11T17:25:14.480Z; git: 68017dbd00236bb7e187330d7585a059610f661d; jvm 17.0.8.1+1
2023-09-30 20:29:55,077 [Start Help Server] INFO  o.e.j.s.s.DefaultSessionIdManager - Session workerName=node0
2023-09-30 20:29:55,172 [Start Help Server] INFO  o.e.j.server.handler.ContextHandler - Started o.e.j.s.ServletContextHandler@292a6fe1{/help,null,AVAILABLE}
2023-09-30 20:29:55,231 [Start Help Server] INFO  o.e.jetty.server.AbstractConnector - Started ServerConnector@4e9f287d{HTTP/1.1, (http/1.1)}{127.0.0.1:51104}
2023-09-30 20:29:55,297 [Start Help Server] INFO  org.eclipse.jetty.server.Server - Started Server@199b93e6{STARTING}[10.0.15,sto=0] @138073ms
2023-09-30 21:06:00,479 [Stop Help Server] INFO  org.eclipse.jetty.server.Server - Stopped Server@199b93e6{STOPPING}[10.0.15,sto=0]
2023-09-30 21:06:00,504 [Stop Help Server] INFO  o.e.jetty.server.AbstractConnector - Stopped ServerConnector@4e9f287d{HTTP/1.1, (http/1.1)}{127.0.0.1:0}
2023-09-30 21:06:00,891 [Stop Help Server] INFO  o.e.j.server.handler.ContextHandler - Stopped o.e.j.s.ServletContextHandler@292a6fe1{/help,null,STOPPED}
2023-09-30 21:07:02,449 [Worker-0: Loading available Gradle versions] INFO  o.e.b.c.i.u.g.PublishedGradleVersions - Gradle version information cache is up-to-date. Trying to read.
2023-09-30 22:46:47,993 [main] INFO  org.eclipse.jetty.server.Server - jetty-10.0.15; built: 2023-04-11T17:25:14.480Z; git: 68017dbd00236bb7e187330d7585a059610f661d; jvm 17.0.8.1+1
2023-09-30 22:46:48,188 [main] INFO  o.e.j.s.s.DefaultSessionIdManager - Session workerName=node0
2023-09-30 22:46:48,374 [main] INFO  o.e.j.server.handler.ContextHandler - Started o.e.j.s.ServletContextHandler@319c155a{/wse,null,AVAILABLE}
2023-09-30 22:46:48,490 [main] INFO  o.e.jetty.server.AbstractConnector - Started ServerConnector@92c44a2{HTTP/1.1, (http/1.1)}{0.0.0.0:51877}
2023-09-30 22:46:48,616 [main] INFO  org.eclipse.jetty.server.Server - Started Server@e3da59{STARTING}[10.0.15,sto=0] @6043504ms
2023-10-01 01:59:07,083 [Framework stop - Equinox Container: a40fe213-bb1a-42c7-b66a-b834cee81a6d] INFO  org.eclipse.jetty.server.Server - Stopped Server@e3da59{STOPPING}[10.0.15,sto=0]
2023-10-01 01:59:07,151 [Framework stop - Equinox Container: a40fe213-bb1a-42c7-b66a-b834cee81a6d] INFO  o.e.jetty.server.AbstractConnector - Stopped ServerConnector@92c44a2{HTTP/1.1, (http/1.1)}{0.0.0.0:0}
2023-10-01 01:59:07,622 [Framework stop - Equinox Container: a40fe213-bb1a-42c7-b66a-b834cee81a6d] INFO  o.e.j.server.handler.ContextHandler - Stopped o.e.j.s.ServletContextHandler@319c155a{/wse,null,STOPPED}
2023-10-01 12:49:32,310 [Worker-3: Loading available Gradle versions] INFO  o.e.b.c.i.u.g.PublishedGradleVersions - Gradle version information cache is out-of-date. Trying to update.
2023-10-02 13:09:36,321 [Worker-0: Loading available Gradle versions] INFO  o.e.b.c.i.u.g.PublishedGradleVersions - Gradle version information cache is out-of-date. Trying to update.
2023-10-02 21:41:36,857 [Worker-2: Loading available Gradle versions] INFO  o.e.b.c.i.u.g.PublishedGradleVersions - Gradle version information cache is up-to-date. Trying to read.
2023-10-03 10:23:23,821 [Worker-2: Loading available Gradle versions] INFO  o.e.b.c.i.u.g.PublishedGradleVersions - Gradle version information cache is up-to-date. Trying to read.
2023-10-03 10:51:24,365 [Worker-3: Loading available Gradle versions] INFO  o.e.b.c.i.u.g.PublishedGradleVersions - Gradle version information cache is up-to-date. Trying to read.
2023-10-03 12:11:48,046 [Worker-1: Loading available Gradle versions] INFO  o.e.b.c.i.u.g.PublishedGradleVersions - Gradle version information cache is up-to-date. Trying to read.
2023-10-03 19:32:32,699 [Worker-0: Loading available Gradle versions] INFO  o.e.b.c.i.u.g.PublishedGradleVersions - Gradle version information cache is out-of-date. Trying to update.
2023-10-04 07:56:58,613 [Worker-0: Loading available Gradle versions] INFO  o.e.b.c.i.u.g.PublishedGradleVersions - Gradle version information cache is up-to-date. Trying to read.
2023-10-05 00:20:44,739 [Worker-4: Loading available Gradle versions] INFO  o.e.b.c.i.u.g.PublishedGradleVersions - Gradle version information cache is out-of-date. Trying to update.
2023-10-05 09:14:46,518 [Worker-0: Loading available Gradle versions] INFO  o.e.b.c.i.u.g.PublishedGradleVersions - Gradle version information cache is up-to-date. Trying to read.
2023-10-08 15:03:55,318 [Worker-2: Loading available Gradle versions] INFO  o.e.b.c.i.u.g.PublishedGradleVersions - Gradle version information cache is out-of-date. Trying to update.
2023-10-08 18:25:34,216 [Worker-0: Loading available Gradle versions] INFO  o.e.b.c.i.u.g.PublishedGradleVersions - Gradle version information cache is up-to-date. Trying to read.
2023-10-08 20:55:30,726 [Worker-0: Loading available Gradle versions] INFO  o.e.b.c.i.u.g.PublishedGradleVersions - Gradle version information cache is up-to-date. Trying to read.
2023-10-09 09:28:25,702 [Worker-1: Loading available Gradle versions] INFO  o.e.b.c.i.u.g.PublishedGradleVersions - Gradle version information cache is up-to-date. Trying to read.
2023-10-09 11:26:38,474 [Worker-0: Loading available Gradle versions] INFO  o.e.b.c.i.u.g.PublishedGradleVersions - Gradle version information cache is up-to-date. Trying to read.
2023-10-09 15:53:15,382 [Worker-0: Loading available Gradle versions] INFO  o.e.b.c.i.u.g.PublishedGradleVersions - Gradle version information cache is out-of-date. Trying to update.
